Arguments: 
  M:\node.js\node.exe C:\Users\tug70\AppData\Roaming\npm\node_modules\yarn\bin\yarn.js install

PATH: 
  C:\Program Files\Java\jdk-11.0.6\bin;C:\Program Files (x86)\Common Files\Oracle\Java\javapath;C:\ProgramData\Oracle\Java\javapath;C:\Program Files (x86)\Intel\iCLS Client\;C:\Program Files\Intel\iCLS Client\;C:\Windows\system32;C:\Windows;C:\Windows\System32\Wbem;C:\Windows\System32\WindowsPowerShell\v1.0\;C:\Program Files (x86)\NVIDIA Corporation\PhysX\Common;C:\Program Files (x86)\Intel\Intel(R) Management Engine Components\DAL;C:\Program Files\Intel\Intel(R) Management Engine Components\DAL;C:\Program Files (x86)\Intel\Intel(R) Management Engine Components\IPT;C:\Program Files\Intel\Intel(R) Management Engine Components\IPT;C:\Program Files\PuTTY\;C:\Program Files (x86)\GtkSharp\2.12\bin;C:\WINDOWS\system32;C:\WINDOWS;C:\WINDOWS\System32\Wbem;C:\WINDOWS\System32\WindowsPowerShell\v1.0\;C:\WINDOWS\System32\OpenSSH\;E:\animation baby\ffmpeg\bin;C:\Program Files (x86)\MySQL\MySQL Utilities 1.6\;M:\maya\Autodesk;M:\Git\cmd;M:\node.js\;C:\Program Files\Microsoft Windows Performance Toolkit\;C:\Program Files\apache-maven-3.6.0\bin;M:\python\anaconda;M:\python\anaconda\Library\mingw-w64\bin;M:\python\anaconda\Library\usr\bin;M:\python\anaconda\Library\bin;M:\python\anaconda\Scripts;M:\python\Scripts\;M:\python\;C:\Users\tug70\AppData\Local\Microsoft\WindowsApps;C:\Users\tug70\AppData\Local\atom\bin;C:\Users\tug70\AppData\Local\GitHubDesktop\bin;C:\Users\tug70\AppData\Roaming\npm;C:\Users\tug70\AppData\Local\Android\Sdk\platform-tools;C:\Users\tug70\AppData\Local\Android\Sdk;;C:\Users\tug70\AppData\Local\Microsoft\WindowsApps;M:\intellij\IntelliJ IDEA 2019.3.4\bin;;M:\vscode\Microsoft VS Code\bin;M:\netbean\heroku\bin

Yarn version: 
  1.15.2

Node version: 
  10.15.3

Platform: 
  win32 x64

Trace: 
  SyntaxError: M:\netbean\project\React-Ecosystem\package.json: Unexpected token } in JSON at position 927
      at JSON.parse (<anonymous>)
      at C:\Users\tug70\AppData\Roaming\npm\node_modules\yarn\lib\cli.js:1625:59
      at Generator.next (<anonymous>)
      at step (C:\Users\tug70\AppData\Roaming\npm\node_modules\yarn\lib\cli.js:304:30)
      at C:\Users\tug70\AppData\Roaming\npm\node_modules\yarn\lib\cli.js:315:13

npm manifest: 
  {
    "name": "React-Ecosystem",
    "version": "1.0.0",
    "description": "",
    "main": "index.js",
    "scripts": {
      "dev": "npx webpack-dev-server --mode development",
      "test": "mocha \"test/*.test.js\" --require @babel/register --recursive",
      "start": "react-scripts start",
      "build": "react-scripts build",
      "eject": "react-scripts eject"
    },
    "keywords": [],
    "author": "",
    "license": "ISC",
    "devDependencies": {
      "@babel/cli": "^7.8.4",
      "@babel/core": "^7.9.6",
      "@babel/plugin-transform-runtime": "^7.9.6",
      "@babel/preset-env": "^7.9.6",
      "@babel/preset-react": "^7.9.4",
      "@babel/register": "^7.10.1",
      "babel-loader": "^8.1.0",
      "chai": "^4.2.0",
      "css-loader": "^3.5.3",
      "fetch-mock": "^9.10.1",
      "mocha": "^7.2.0",
      "node-fetch": "^2.6.0",
      "react-hot-loader": "^4.12.21",
      "sinon": "^9.0.2",
      "style-loader": "^1.2.1",
      "webpack-cli": "^3.3.11",
    },
    "dependencies": {
      "@babel/runtime": "^7.9.6",
      "react": "^16.13.1",
      "react-dom": "^16.13.1",
      "react-redux": "^7.2.0",
      "react-scripts": "^3.4.1",
      "redux": "^4.0.5",
      "redux-devtools-extension": "^2.13.8",
      "redux-persist": "^6.0.0",
      "redux-thunk": "^2.3.0",
      "reselect": "^4.0.0",
      "styled-components": "^5.1.1"
    }
  }

yarn manifest: 
  No manifest

Lockfile: 
  No lockfile
